{"/Users/kira/meet/src/App.js": {"path":"/Users/kira/meet/src/App.js","statementMap":{"0":{"start":{"line":11,"column":10},"end":{"line":14,"column":3}},"1":{"start":{"line":16,"column":17},"end":{"line":25,"column":3}},"2":{"start":{"line":17,"column":4},"end":{"line":24,"column":7}},"3":{"start":{"line":18,"column":29},"end":{"line":20,"column":61}},"4":{"start":{"line":20,"column":33},"end":{"line":20,"column":60}},"5":{"start":{"line":21,"column":6},"end":{"line":23,"column":9}},"6":{"start":{"line":28,"column":4},"end":{"line":28,"column":24}},"7":{"start":{"line":29,"column":4},"end":{"line":33,"column":7}},"8":{"start":{"line":30,"column":6},"end":{"line":32,"column":7}},"9":{"start":{"line":31,"column":8},"end":{"line":31,"column":71}},"10":{"start":{"line":37,"column":4},"end":{"line":37,"column":25}},"11":{"start":{"line":42,"column":4},"end":{"line":48,"column":6}}},"fnMap":{"0":{"name":"(anonymous_0)","decl":{"start":{"line":16,"column":17},"end":{"line":16,"column":18}},"loc":{"start":{"line":16,"column":31},"end":{"line":25,"column":3}},"line":16},"1":{"name":"(anonymous_1)","decl":{"start":{"line":17,"column":21},"end":{"line":17,"column":22}},"loc":{"start":{"line":17,"column":33},"end":{"line":24,"column":5}},"line":17},"2":{"name":"(anonymous_2)","decl":{"start":{"line":20,"column":22},"end":{"line":20,"column":23}},"loc":{"start":{"line":20,"column":33},"end":{"line":20,"column":60}},"line":20},"3":{"name":"(anonymous_3)","decl":{"start":{"line":27,"column":2},"end":{"line":27,"column":3}},"loc":{"start":{"line":27,"column":22},"end":{"line":34,"column":3}},"line":27},"4":{"name":"(anonymous_4)","decl":{"start":{"line":29,"column":21},"end":{"line":29,"column":22}},"loc":{"start":{"line":29,"column":33},"end":{"line":33,"column":5}},"line":29},"5":{"name":"(anonymous_5)","decl":{"start":{"line":36,"column":2},"end":{"line":36,"column":3}},"loc":{"start":{"line":36,"column":25},"end":{"line":38,"column":3}},"line":36},"6":{"name":"(anonymous_6)","decl":{"start":{"line":41,"column":2},"end":{"line":41,"column":3}},"loc":{"start":{"line":41,"column":11},"end":{"line":49,"column":3}},"line":41}},"branchMap":{"0":{"loc":{"start":{"line":18,"column":29},"end":{"line":20,"column":61}},"type":"cond-expr","locations":[{"start":{"line":19,"column":8},"end":{"line":19,"column":14}},{"start":{"line":20,"column":8},"end":{"line":20,"column":61}}],"line":18},"1":{"loc":{"start":{"line":30,"column":6},"end":{"line":32,"column":7}},"type":"if","locations":[{"start":{"line":30,"column":6},"end":{"line":32,"column":7}},{"start":{},"end":{}}],"line":30}},"s":{"0":6,"1":6,"2":2,"3":2,"4":4,"5":2,"6":6,"7":6,"8":6,"9":4,"10":4,"11":12},"f":{"0":2,"1":2,"2":4,"3":6,"4":6,"5":4,"6":12},"b":{"0":[1,1],"1":[4,2]},"_coverageSchema":"1a1c01bbd47fc00a2c39e90264f33305004495a9","hash":"b54b3b6436505c1923fc0e35373cfd4d23f08a47"}
,"/Users/kira/meet/src/CitySearch.js": {"path":"/Users/kira/meet/src/CitySearch.js","statementMap":{"0":{"start":{"line":6,"column":12},"end":{"line":10,"column":5}},"1":{"start":{"line":11,"column":25},"end":{"line":20,"column":5}},"2":{"start":{"line":12,"column":22},"end":{"line":12,"column":40}},"3":{"start":{"line":13,"column":28},"end":{"line":15,"column":10}},"4":{"start":{"line":14,"column":12},"end":{"line":14,"column":76}},"5":{"start":{"line":16,"column":8},"end":{"line":19,"column":11}},"6":{"start":{"line":22,"column":24},"end":{"line":29,"column":5}},"7":{"start":{"line":23,"column":8},"end":{"line":26,"column":11}},"8":{"start":{"line":28,"column":8},"end":{"line":28,"column":44}},"9":{"start":{"line":32,"column":8},"end":{"line":50,"column":10}},"10":{"start":{"line":39,"column":37},"end":{"line":39,"column":77}},"11":{"start":{"line":43,"column":24},"end":{"line":43,"column":114}},"12":{"start":{"line":43,"column":60},"end":{"line":43,"column":94}},"13":{"start":{"line":45,"column":39},"end":{"line":45,"column":68}}},"fnMap":{"0":{"name":"(anonymous_0)","decl":{"start":{"line":11,"column":25},"end":{"line":11,"column":26}},"loc":{"start":{"line":11,"column":36},"end":{"line":20,"column":5}},"line":11},"1":{"name":"(anonymous_1)","decl":{"start":{"line":13,"column":56},"end":{"line":13,"column":57}},"loc":{"start":{"line":13,"column":70},"end":{"line":15,"column":9}},"line":13},"2":{"name":"(anonymous_2)","decl":{"start":{"line":22,"column":24},"end":{"line":22,"column":25}},"loc":{"start":{"line":22,"column":40},"end":{"line":29,"column":5}},"line":22},"3":{"name":"(anonymous_3)","decl":{"start":{"line":31,"column":4},"end":{"line":31,"column":5}},"loc":{"start":{"line":31,"column":13},"end":{"line":51,"column":5}},"line":31},"4":{"name":"(anonymous_4)","decl":{"start":{"line":39,"column":29},"end":{"line":39,"column":30}},"loc":{"start":{"line":39,"column":35},"end":{"line":39,"column":79}},"line":39},"5":{"name":"(anonymous_5)","decl":{"start":{"line":42,"column":48},"end":{"line":42,"column":49}},"loc":{"start":{"line":43,"column":24},"end":{"line":43,"column":114}},"line":43},"6":{"name":"(anonymous_6)","decl":{"start":{"line":43,"column":54},"end":{"line":43,"column":55}},"loc":{"start":{"line":43,"column":60},"end":{"line":43,"column":94}},"line":43},"7":{"name":"(anonymous_7)","decl":{"start":{"line":45,"column":33},"end":{"line":45,"column":34}},"loc":{"start":{"line":45,"column":39},"end":{"line":45,"column":68}},"line":45}},"branchMap":{"0":{"loc":{"start":{"line":41,"column":51},"end":{"line":41,"column":104}},"type":"cond-expr","locations":[{"start":{"line":41,"column":80},"end":{"line":41,"column":82}},{"start":{"line":41,"column":85},"end":{"line":41,"column":104}}],"line":41}},"s":{"0":5,"1":5,"2":2,"3":2,"4":4,"5":2,"6":5,"7":4,"8":4,"9":22,"10":1,"11":17,"12":2,"13":1},"f":{"0":2,"1":4,"2":4,"3":22,"4":1,"5":17,"6":2,"7":1},"b":{"0":[1,21]},"_coverageSchema":"1a1c01bbd47fc00a2c39e90264f33305004495a9","hash":"31ed542a20a382bcf461fae5f0618d25adfcda9d"}
,"/Users/kira/meet/src/Event.js": {"path":"/Users/kira/meet/src/Event.js","statementMap":{"0":{"start":{"line":6,"column":12},"end":{"line":6,"column":31}},"1":{"start":{"line":7,"column":20},"end":{"line":11,"column":5}},"2":{"start":{"line":8,"column":8},"end":{"line":10,"column":12}},"3":{"start":{"line":8,"column":38},"end":{"line":10,"column":9}},"4":{"start":{"line":13,"column":26},"end":{"line":13,"column":36}},"5":{"start":{"line":14,"column":30},"end":{"line":14,"column":40}},"6":{"start":{"line":15,"column":8},"end":{"line":37,"column":9}},"7":{"start":{"line":33,"column":63},"end":{"line":33,"column":83}}},"fnMap":{"0":{"name":"(anonymous_0)","decl":{"start":{"line":7,"column":20},"end":{"line":7,"column":21}},"loc":{"start":{"line":7,"column":26},"end":{"line":11,"column":5}},"line":7},"1":{"name":"(anonymous_1)","decl":{"start":{"line":8,"column":22},"end":{"line":8,"column":23}},"loc":{"start":{"line":8,"column":38},"end":{"line":10,"column":9}},"line":8},"2":{"name":"(anonymous_2)","decl":{"start":{"line":12,"column":4},"end":{"line":12,"column":5}},"loc":{"start":{"line":12,"column":13},"end":{"line":38,"column":5}},"line":12},"3":{"name":"(anonymous_3)","decl":{"start":{"line":33,"column":57},"end":{"line":33,"column":58}},"loc":{"start":{"line":33,"column":63},"end":{"line":33,"column":83}},"line":33}},"branchMap":{"0":{"loc":{"start":{"line":24,"column":17},"end":{"line":32,"column":17}},"type":"binary-expr","locations":[{"start":{"line":24,"column":17},"end":{"line":24,"column":27}},{"start":{"line":25,"column":20},"end":{"line":31,"column":23}}],"line":24},"1":{"loc":{"start":{"line":34,"column":21},"end":{"line":34,"column":48}},"type":"cond-expr","locations":[{"start":{"line":34,"column":33},"end":{"line":34,"column":39}},{"start":{"line":34,"column":42},"end":{"line":34,"column":48}}],"line":34}},"s":{"0":9,"1":9,"2":2,"3":2,"4":17,"5":17,"6":17,"7":2},"f":{"0":2,"1":2,"2":17,"3":2},"b":{"0":[17,1],"1":[16,1]},"_coverageSchema":"1a1c01bbd47fc00a2c39e90264f33305004495a9","hash":"9d3641388bc9673799f5c8cd1ce282fc35c14b45"}
,"/Users/kira/meet/src/EventList.js": {"path":"/Users/kira/meet/src/EventList.js","statementMap":{"0":{"start":{"line":8,"column":27},"end":{"line":8,"column":37}},"1":{"start":{"line":9,"column":8},"end":{"line":17,"column":10}},"2":{"start":{"line":12,"column":20},"end":{"line":14,"column":25}}},"fnMap":{"0":{"name":"(anonymous_0)","decl":{"start":{"line":7,"column":4},"end":{"line":7,"column":5}},"loc":{"start":{"line":7,"column":13},"end":{"line":18,"column":5}},"line":7},"1":{"name":"(anonymous_1)","decl":{"start":{"line":11,"column":28},"end":{"line":11,"column":29}},"loc":{"start":{"line":12,"column":20},"end":{"line":14,"column":25}},"line":12}},"branchMap":{},"s":{"0":9,"1":9,"2":18},"f":{"0":9,"1":18},"b":{},"_coverageSchema":"1a1c01bbd47fc00a2c39e90264f33305004495a9","hash":"d9f3d4f85fab763e0d1ac7ea87b67e02ea7e5e6c"}
,"/Users/kira/meet/src/NumberOfEvents.js": {"path":"/Users/kira/meet/src/NumberOfEvents.js","statementMap":{"0":{"start":{"line":6,"column":12},"end":{"line":8,"column":5}},"1":{"start":{"line":10,"column":25},"end":{"line":14,"column":5}},"2":{"start":{"line":11,"column":22},"end":{"line":11,"column":40}},"3":{"start":{"line":12,"column":8},"end":{"line":12,"column":41}},"4":{"start":{"line":13,"column":8},"end":{"line":13,"column":47}},"5":{"start":{"line":17,"column":8},"end":{"line":25,"column":10}}},"fnMap":{"0":{"name":"(anonymous_0)","decl":{"start":{"line":10,"column":25},"end":{"line":10,"column":26}},"loc":{"start":{"line":10,"column":36},"end":{"line":14,"column":5}},"line":10},"1":{"name":"(anonymous_1)","decl":{"start":{"line":16,"column":4},"end":{"line":16,"column":5}},"loc":{"start":{"line":16,"column":13},"end":{"line":26,"column":5}},"line":16}},"branchMap":{"0":{"loc":{"start":{"line":7,"column":16},"end":{"line":7,"column":39}},"type":"binary-expr","locations":[{"start":{"line":7,"column":16},"end":{"line":7,"column":33}},{"start":{"line":7,"column":37},"end":{"line":7,"column":39}}],"line":7}},"s":{"0":5,"1":5,"2":1,"3":1,"4":1,"5":11},"f":{"0":1,"1":11},"b":{"0":[5,5]},"_coverageSchema":"1a1c01bbd47fc00a2c39e90264f33305004495a9","hash":"80314224c62e55c041c029393548cc8134c97eca"}
,"/Users/kira/meet/src/api.js": {"path":"/Users/kira/meet/src/api.js","statementMap":{"0":{"start":{"line":14,"column":32},"end":{"line":18,"column":1}},"1":{"start":{"line":15,"column":27},"end":{"line":15,"column":64}},"2":{"start":{"line":15,"column":49},"end":{"line":15,"column":63}},"3":{"start":{"line":16,"column":20},"end":{"line":16,"column":50}},"4":{"start":{"line":17,"column":4},"end":{"line":17,"column":21}},"5":{"start":{"line":20,"column":19},"end":{"line":28,"column":1}},"6":{"start":{"line":21,"column":19},"end":{"line":25,"column":39}},"7":{"start":{"line":24,"column":23},"end":{"line":24,"column":33}},"8":{"start":{"line":25,"column":26},"end":{"line":25,"column":38}},"9":{"start":{"line":27,"column":4},"end":{"line":27,"column":18}},"10":{"start":{"line":30,"column":25},"end":{"line":53,"column":1}},"11":{"start":{"line":31,"column":4},"end":{"line":31,"column":22}},"12":{"start":{"line":33,"column":4},"end":{"line":36,"column":5}},"13":{"start":{"line":34,"column":8},"end":{"line":34,"column":25}},"14":{"start":{"line":35,"column":8},"end":{"line":35,"column":24}},"15":{"start":{"line":39,"column":18},"end":{"line":39,"column":40}},"16":{"start":{"line":41,"column":4},"end":{"line":52,"column":5}},"17":{"start":{"line":42,"column":8},"end":{"line":42,"column":22}},"18":{"start":{"line":43,"column":20},"end":{"line":43,"column":109}},"19":{"start":{"line":44,"column":23},"end":{"line":44,"column":43}},"20":{"start":{"line":45,"column":8},"end":{"line":49,"column":9}},"21":{"start":{"line":46,"column":28},"end":{"line":46,"column":64}},"22":{"start":{"line":47,"column":12},"end":{"line":47,"column":76}},"23":{"start":{"line":48,"column":12},"end":{"line":48,"column":73}},"24":{"start":{"line":50,"column":8},"end":{"line":50,"column":25}},"25":{"start":{"line":51,"column":8},"end":{"line":51,"column":34}},"26":{"start":{"line":59,"column":30},"end":{"line":80,"column":1}},"27":{"start":{"line":61,"column":24},"end":{"line":61,"column":60}},"28":{"start":{"line":63,"column":23},"end":{"line":63,"column":69}},"29":{"start":{"line":65,"column":4},"end":{"line":77,"column":5}},"30":{"start":{"line":66,"column":8},"end":{"line":66,"column":54}},"31":{"start":{"line":67,"column":29},"end":{"line":67,"column":72}},"32":{"start":{"line":68,"column":21},"end":{"line":68,"column":51}},"33":{"start":{"line":69,"column":8},"end":{"line":75,"column":9}},"34":{"start":{"line":70,"column":28},"end":{"line":72,"column":13}},"35":{"start":{"line":73,"column":32},"end":{"line":73,"column":44}},"36":{"start":{"line":74,"column":12},"end":{"line":74,"column":52}},"37":{"start":{"line":76,"column":8},"end":{"line":76,"column":38}},"38":{"start":{"line":78,"column":4},"end":{"line":78,"column":23}},"39":{"start":{"line":82,"column":20},"end":{"line":94,"column":1}},"40":{"start":{"line":83,"column":4},"end":{"line":93,"column":5}},"41":{"start":{"line":85,"column":12},"end":{"line":88,"column":36}},"42":{"start":{"line":89,"column":8},"end":{"line":89,"column":49}},"43":{"start":{"line":91,"column":8},"end":{"line":91,"column":72}},"44":{"start":{"line":92,"column":8},"end":{"line":92,"column":49}},"45":{"start":{"line":96,"column":17},"end":{"line":109,"column":1}},"46":{"start":{"line":97,"column":23},"end":{"line":97,"column":47}},"47":{"start":{"line":98,"column":29},"end":{"line":104,"column":32}},"48":{"start":{"line":102,"column":12},"end":{"line":102,"column":30}},"49":{"start":{"line":104,"column":26},"end":{"line":104,"column":31}},"50":{"start":{"line":106,"column":4},"end":{"line":106,"column":71}},"51":{"start":{"line":108,"column":4},"end":{"line":108,"column":24}}},"fnMap":{"0":{"name":"(anonymous_0)","decl":{"start":{"line":14,"column":32},"end":{"line":14,"column":33}},"loc":{"start":{"line":14,"column":44},"end":{"line":18,"column":1}},"line":14},"1":{"name":"(anonymous_1)","decl":{"start":{"line":15,"column":38},"end":{"line":15,"column":39}},"loc":{"start":{"line":15,"column":49},"end":{"line":15,"column":63}},"line":15},"2":{"name":"(anonymous_2)","decl":{"start":{"line":20,"column":19},"end":{"line":20,"column":20}},"loc":{"start":{"line":20,"column":42},"end":{"line":28,"column":1}},"line":20},"3":{"name":"(anonymous_3)","decl":{"start":{"line":24,"column":14},"end":{"line":24,"column":15}},"loc":{"start":{"line":24,"column":23},"end":{"line":24,"column":33}},"line":24},"4":{"name":"(anonymous_4)","decl":{"start":{"line":25,"column":15},"end":{"line":25,"column":16}},"loc":{"start":{"line":25,"column":26},"end":{"line":25,"column":38}},"line":25},"5":{"name":"(anonymous_5)","decl":{"start":{"line":30,"column":25},"end":{"line":30,"column":26}},"loc":{"start":{"line":30,"column":37},"end":{"line":53,"column":1}},"line":30},"6":{"name":"(anonymous_6)","decl":{"start":{"line":59,"column":30},"end":{"line":59,"column":31}},"loc":{"start":{"line":59,"column":42},"end":{"line":80,"column":1}},"line":59},"7":{"name":"(anonymous_7)","decl":{"start":{"line":82,"column":20},"end":{"line":82,"column":21}},"loc":{"start":{"line":82,"column":26},"end":{"line":94,"column":1}},"line":82},"8":{"name":"(anonymous_8)","decl":{"start":{"line":96,"column":17},"end":{"line":96,"column":18}},"loc":{"start":{"line":96,"column":33},"end":{"line":109,"column":1}},"line":96},"9":{"name":"(anonymous_9)","decl":{"start":{"line":101,"column":14},"end":{"line":101,"column":15}},"loc":{"start":{"line":101,"column":23},"end":{"line":103,"column":9}},"line":101},"10":{"name":"(anonymous_10)","decl":{"start":{"line":104,"column":15},"end":{"line":104,"column":16}},"loc":{"start":{"line":104,"column":26},"end":{"line":104,"column":31}},"line":104}},"branchMap":{"0":{"loc":{"start":{"line":33,"column":4},"end":{"line":36,"column":5}},"type":"if","locations":[{"start":{"line":33,"column":4},"end":{"line":36,"column":5}},{"start":{},"end":{}}],"line":33},"1":{"loc":{"start":{"line":41,"column":4},"end":{"line":52,"column":5}},"type":"if","locations":[{"start":{"line":41,"column":4},"end":{"line":52,"column":5}},{"start":{},"end":{}}],"line":41},"2":{"loc":{"start":{"line":45,"column":8},"end":{"line":49,"column":9}},"type":"if","locations":[{"start":{"line":45,"column":8},"end":{"line":49,"column":9}},{"start":{},"end":{}}],"line":45},"3":{"loc":{"start":{"line":63,"column":23},"end":{"line":63,"column":69}},"type":"binary-expr","locations":[{"start":{"line":63,"column":23},"end":{"line":63,"column":34}},{"start":{"line":63,"column":39},"end":{"line":63,"column":68}}],"line":63},"4":{"loc":{"start":{"line":65,"column":4},"end":{"line":77,"column":5}},"type":"if","locations":[{"start":{"line":65,"column":4},"end":{"line":77,"column":5}},{"start":{},"end":{}}],"line":65},"5":{"loc":{"start":{"line":65,"column":8},"end":{"line":65,"column":40}},"type":"binary-expr","locations":[{"start":{"line":65,"column":8},"end":{"line":65,"column":20}},{"start":{"line":65,"column":24},"end":{"line":65,"column":40}}],"line":65},"6":{"loc":{"start":{"line":69,"column":8},"end":{"line":75,"column":9}},"type":"if","locations":[{"start":{"line":69,"column":8},"end":{"line":75,"column":9}},{"start":{},"end":{}}],"line":69},"7":{"loc":{"start":{"line":76,"column":15},"end":{"line":76,"column":37}},"type":"binary-expr","locations":[{"start":{"line":76,"column":15},"end":{"line":76,"column":19}},{"start":{"line":76,"column":23},"end":{"line":76,"column":37}}],"line":76},"8":{"loc":{"start":{"line":83,"column":4},"end":{"line":93,"column":5}},"type":"if","locations":[{"start":{"line":83,"column":4},"end":{"line":93,"column":5}},{"start":{"line":90,"column":11},"end":{"line":93,"column":5}}],"line":83},"9":{"loc":{"start":{"line":83,"column":8},"end":{"line":83,"column":60}},"type":"binary-expr","locations":[{"start":{"line":83,"column":8},"end":{"line":83,"column":32}},{"start":{"line":83,"column":36},"end":{"line":83,"column":60}}],"line":83},"10":{"loc":{"start":{"line":106,"column":4},"end":{"line":106,"column":70}},"type":"binary-expr","locations":[{"start":{"line":106,"column":4},"end":{"line":106,"column":16}},{"start":{"line":106,"column":20},"end":{"line":106,"column":70}}],"line":106}},"s":{"0":2,"1":7,"2":28,"3":7,"4":7,"5":2,"6":0,"7":0,"8":0,"9":0,"10":2,"11":10,"12":10,"13":10,"14":10,"15":0,"16":0,"17":0,"18":0,"19":0,"20":0,"21":0,"22":0,"23":0,"24":0,"25":0,"26":2,"27":0,"28":0,"29":0,"30":0,"31":0,"32":0,"33":0,"34":0,"35":0,"36":0,"37":0,"38":0,"39":2,"40":0,"41":0,"42":0,"43":0,"44":0,"45":2,"46":0,"47":0,"48":0,"49":0,"50":0,"51":0},"f":{"0":7,"1":28,"2":0,"3":0,"4":0,"5":10,"6":0,"7":0,"8":0,"9":0,"10":0},"b":{"0":[10,0],"1":[0,0],"2":[0,0],"3":[0,0],"4":[0,0],"5":[0,0],"6":[0,0],"7":[0,0],"8":[0,0],"9":[0,0],"10":[0,0]},"_coverageSchema":"1a1c01bbd47fc00a2c39e90264f33305004495a9","hash":"32d56f8e2cbf4a7d0d594568e40e54b9bf2a6b91"}
,"/Users/kira/meet/src/index.js": {"path":"/Users/kira/meet/src/index.js","statementMap":{"0":{"start":{"line":8,"column":0},"end":{"line":13,"column":2}},"1":{"start":{"line":18,"column":0},"end":{"line":18,"column":39}},"2":{"start":{"line":23,"column":0},"end":{"line":23,"column":18}}},"fnMap":{},"branchMap":{},"s":{"0":0,"1":0,"2":0},"f":{},"b":{}}
,"/Users/kira/meet/src/mock-data.js": {"path":"/Users/kira/meet/src/mock-data.js","statementMap":{"0":{"start":{"line":1,"column":17},"end":{"line":160,"column":1}}},"fnMap":{},"branchMap":{},"s":{"0":4},"f":{},"b":{},"_coverageSchema":"1a1c01bbd47fc00a2c39e90264f33305004495a9","hash":"fedcb104d078eb8d11b77bcf2aebe90e870e8c1b"}
,"/Users/kira/meet/src/reportWebVitals.js": {"path":"/Users/kira/meet/src/reportWebVitals.js","statementMap":{"0":{"start":{"line":1,"column":24},"end":{"line":11,"column":1}},"1":{"start":{"line":2,"column":2},"end":{"line":10,"column":3}},"2":{"start":{"line":3,"column":4},"end":{"line":9,"column":7}},"3":{"start":{"line":4,"column":6},"end":{"line":4,"column":26}},"4":{"start":{"line":5,"column":6},"end":{"line":5,"column":26}},"5":{"start":{"line":6,"column":6},"end":{"line":6,"column":26}},"6":{"start":{"line":7,"column":6},"end":{"line":7,"column":26}},"7":{"start":{"line":8,"column":6},"end":{"line":8,"column":27}}},"fnMap":{"0":{"name":"(anonymous_0)","decl":{"start":{"line":1,"column":24},"end":{"line":1,"column":25}},"loc":{"start":{"line":1,"column":41},"end":{"line":11,"column":1}},"line":1},"1":{"name":"(anonymous_1)","decl":{"start":{"line":3,"column":30},"end":{"line":3,"column":31}},"loc":{"start":{"line":3,"column":79},"end":{"line":9,"column":5}},"line":3}},"branchMap":{"0":{"loc":{"start":{"line":2,"column":2},"end":{"line":10,"column":3}},"type":"if","locations":[{"start":{"line":2,"column":2},"end":{"line":10,"column":3}},{"start":{},"end":{}}],"line":2},"1":{"loc":{"start":{"line":2,"column":6},"end":{"line":2,"column":52}},"type":"binary-expr","locations":[{"start":{"line":2,"column":6},"end":{"line":2,"column":17}},{"start":{"line":2,"column":21},"end":{"line":2,"column":52}}],"line":2}},"s":{"0":0,"1":0,"2":0,"3":0,"4":0,"5":0,"6":0,"7":0},"f":{"0":0,"1":0},"b":{"0":[0,0],"1":[0,0]}}
,"/Users/kira/meet/src/service-worker.js": {"path":"/Users/kira/meet/src/service-worker.js","statementMap":{"0":{"start":{"line":16,"column":0},"end":{"line":16,"column":15}},"1":{"start":{"line":22,"column":0},"end":{"line":22,"column":37}},"2":{"start":{"line":27,"column":28},"end":{"line":27,"column":58}},"3":{"start":{"line":28,"column":0},"end":{"line":47,"column":2}},"4":{"start":{"line":32,"column":4},"end":{"line":34,"column":5}},"5":{"start":{"line":33,"column":6},"end":{"line":33,"column":19}},"6":{"start":{"line":36,"column":4},"end":{"line":38,"column":5}},"7":{"start":{"line":37,"column":6},"end":{"line":37,"column":19}},"8":{"start":{"line":40,"column":4},"end":{"line":42,"column":5}},"9":{"start":{"line":41,"column":6},"end":{"line":41,"column":19}},"10":{"start":{"line":44,"column":4},"end":{"line":44,"column":16}},"11":{"start":{"line":51,"column":0},"end":{"line":62,"column":2}},"12":{"start":{"line":53,"column":15},"end":{"line":53,"column":83}},"13":{"start":{"line":66,"column":0},"end":{"line":70,"column":3}},"14":{"start":{"line":67,"column":2},"end":{"line":69,"column":3}},"15":{"start":{"line":68,"column":4},"end":{"line":68,"column":23}}},"fnMap":{"0":{"name":"(anonymous_0)","decl":{"start":{"line":30,"column":2},"end":{"line":30,"column":3}},"loc":{"start":{"line":30,"column":24},"end":{"line":45,"column":3}},"line":30},"1":{"name":"(anonymous_1)","decl":{"start":{"line":53,"column":2},"end":{"line":53,"column":3}},"loc":{"start":{"line":53,"column":15},"end":{"line":53,"column":83}},"line":53},"2":{"name":"(anonymous_2)","decl":{"start":{"line":66,"column":33},"end":{"line":66,"column":34}},"loc":{"start":{"line":66,"column":44},"end":{"line":70,"column":1}},"line":66}},"branchMap":{"0":{"loc":{"start":{"line":32,"column":4},"end":{"line":34,"column":5}},"type":"if","locations":[{"start":{"line":32,"column":4},"end":{"line":34,"column":5}},{"start":{},"end":{}}],"line":32},"1":{"loc":{"start":{"line":36,"column":4},"end":{"line":38,"column":5}},"type":"if","locations":[{"start":{"line":36,"column":4},"end":{"line":38,"column":5}},{"start":{},"end":{}}],"line":36},"2":{"loc":{"start":{"line":40,"column":4},"end":{"line":42,"column":5}},"type":"if","locations":[{"start":{"line":40,"column":4},"end":{"line":42,"column":5}},{"start":{},"end":{}}],"line":40},"3":{"loc":{"start":{"line":53,"column":15},"end":{"line":53,"column":83}},"type":"binary-expr","locations":[{"start":{"line":53,"column":15},"end":{"line":53,"column":50}},{"start":{"line":53,"column":54},"end":{"line":53,"column":83}}],"line":53},"4":{"loc":{"start":{"line":67,"column":2},"end":{"line":69,"column":3}},"type":"if","locations":[{"start":{"line":67,"column":2},"end":{"line":69,"column":3}},{"start":{},"end":{}}],"line":67},"5":{"loc":{"start":{"line":67,"column":6},"end":{"line":67,"column":54}},"type":"binary-expr","locations":[{"start":{"line":67,"column":6},"end":{"line":67,"column":16}},{"start":{"line":67,"column":20},"end":{"line":67,"column":54}}],"line":67}},"s":{"0":0,"1":0,"2":0,"3":0,"4":0,"5":0,"6":0,"7":0,"8":0,"9":0,"10":0,"11":0,"12":0,"13":0,"14":0,"15":0},"f":{"0":0,"1":0,"2":0},"b":{"0":[0,0],"1":[0,0],"2":[0,0],"3":[0,0],"4":[0,0],"5":[0,0]}}
,"/Users/kira/meet/src/serviceWorkerRegistration.js": {"path":"/Users/kira/meet/src/serviceWorkerRegistration.js","statementMap":{"0":{"start":{"line":13,"column":20},"end":{"line":19,"column":1}},"1":{"start":{"line":22,"column":2},"end":{"line":52,"column":3}},"2":{"start":{"line":24,"column":22},"end":{"line":24,"column":75}},"3":{"start":{"line":25,"column":4},"end":{"line":30,"column":5}},"4":{"start":{"line":29,"column":6},"end":{"line":29,"column":13}},"5":{"start":{"line":32,"column":4},"end":{"line":51,"column":7}},"6":{"start":{"line":33,"column":20},"end":{"line":33,"column":65}},"7":{"start":{"line":35,"column":6},"end":{"line":50,"column":7}},"8":{"start":{"line":37,"column":8},"end":{"line":37,"column":47}},"9":{"start":{"line":41,"column":8},"end":{"line":46,"column":11}},"10":{"start":{"line":42,"column":10},"end":{"line":45,"column":12}},"11":{"start":{"line":49,"column":8},"end":{"line":49,"column":39}},"12":{"start":{"line":56,"column":2},"end":{"line":96,"column":7}},"13":{"start":{"line":59,"column":6},"end":{"line":92,"column":8}},"14":{"start":{"line":60,"column":33},"end":{"line":60,"column":56}},"15":{"start":{"line":61,"column":8},"end":{"line":63,"column":9}},"16":{"start":{"line":62,"column":10},"end":{"line":62,"column":17}},"17":{"start":{"line":64,"column":8},"end":{"line":91,"column":10}},"18":{"start":{"line":65,"column":10},"end":{"line":90,"column":11}},"19":{"start":{"line":66,"column":12},"end":{"line":89,"column":13}},"20":{"start":{"line":70,"column":14},"end":{"line":73,"column":16}},"21":{"start":{"line":76,"column":14},"end":{"line":78,"column":15}},"22":{"start":{"line":77,"column":16},"end":{"line":77,"column":46}},"23":{"start":{"line":83,"column":14},"end":{"line":83,"column":64}},"24":{"start":{"line":86,"column":14},"end":{"line":88,"column":15}},"25":{"start":{"line":87,"column":16},"end":{"line":87,"column":47}},"26":{"start":{"line":95,"column":6},"end":{"line":95,"column":72}},"27":{"start":{"line":101,"column":2},"end":{"line":124,"column":7}},"28":{"start":{"line":106,"column":26},"end":{"line":106,"column":62}},"29":{"start":{"line":107,"column":6},"end":{"line":120,"column":7}},"30":{"start":{"line":112,"column":8},"end":{"line":116,"column":11}},"31":{"start":{"line":113,"column":10},"end":{"line":115,"column":13}},"32":{"start":{"line":114,"column":12},"end":{"line":114,"column":37}},"33":{"start":{"line":119,"column":8},"end":{"line":119,"column":39}},"34":{"start":{"line":123,"column":6},"end":{"line":123,"column":83}},"35":{"start":{"line":128,"column":2},"end":{"line":136,"column":3}},"36":{"start":{"line":129,"column":4},"end":{"line":135,"column":9}},"37":{"start":{"line":131,"column":8},"end":{"line":131,"column":34}},"38":{"start":{"line":134,"column":8},"end":{"line":134,"column":37}}},"fnMap":{"0":{"name":"register","decl":{"start":{"line":21,"column":16},"end":{"line":21,"column":24}},"loc":{"start":{"line":21,"column":33},"end":{"line":53,"column":1}},"line":21},"1":{"name":"(anonymous_1)","decl":{"start":{"line":32,"column":36},"end":{"line":32,"column":37}},"loc":{"start":{"line":32,"column":42},"end":{"line":51,"column":5}},"line":32},"2":{"name":"(anonymous_2)","decl":{"start":{"line":41,"column":43},"end":{"line":41,"column":44}},"loc":{"start":{"line":41,"column":49},"end":{"line":46,"column":9}},"line":41},"3":{"name":"registerValidSW","decl":{"start":{"line":55,"column":9},"end":{"line":55,"column":24}},"loc":{"start":{"line":55,"column":40},"end":{"line":97,"column":1}},"line":55},"4":{"name":"(anonymous_4)","decl":{"start":{"line":58,"column":10},"end":{"line":58,"column":11}},"loc":{"start":{"line":58,"column":28},"end":{"line":93,"column":5}},"line":58},"5":{"name":"(anonymous_5)","decl":{"start":{"line":59,"column":35},"end":{"line":59,"column":36}},"loc":{"start":{"line":59,"column":41},"end":{"line":92,"column":7}},"line":59},"6":{"name":"(anonymous_6)","decl":{"start":{"line":64,"column":41},"end":{"line":64,"column":42}},"loc":{"start":{"line":64,"column":47},"end":{"line":91,"column":9}},"line":64},"7":{"name":"(anonymous_7)","decl":{"start":{"line":94,"column":11},"end":{"line":94,"column":12}},"loc":{"start":{"line":94,"column":22},"end":{"line":96,"column":5}},"line":94},"8":{"name":"checkValidServiceWorker","decl":{"start":{"line":99,"column":9},"end":{"line":99,"column":32}},"loc":{"start":{"line":99,"column":48},"end":{"line":125,"column":1}},"line":99},"9":{"name":"(anonymous_9)","decl":{"start":{"line":104,"column":10},"end":{"line":104,"column":11}},"loc":{"start":{"line":104,"column":24},"end":{"line":121,"column":5}},"line":104},"10":{"name":"(anonymous_10)","decl":{"start":{"line":112,"column":43},"end":{"line":112,"column":44}},"loc":{"start":{"line":112,"column":61},"end":{"line":116,"column":9}},"line":112},"11":{"name":"(anonymous_11)","decl":{"start":{"line":113,"column":41},"end":{"line":113,"column":42}},"loc":{"start":{"line":113,"column":47},"end":{"line":115,"column":11}},"line":113},"12":{"name":"(anonymous_12)","decl":{"start":{"line":122,"column":11},"end":{"line":122,"column":12}},"loc":{"start":{"line":122,"column":17},"end":{"line":124,"column":5}},"line":122},"13":{"name":"unregister","decl":{"start":{"line":127,"column":16},"end":{"line":127,"column":26}},"loc":{"start":{"line":127,"column":29},"end":{"line":137,"column":1}},"line":127},"14":{"name":"(anonymous_14)","decl":{"start":{"line":130,"column":12},"end":{"line":130,"column":13}},"loc":{"start":{"line":130,"column":30},"end":{"line":132,"column":7}},"line":130},"15":{"name":"(anonymous_15)","decl":{"start":{"line":133,"column":13},"end":{"line":133,"column":14}},"loc":{"start":{"line":133,"column":24},"end":{"line":135,"column":7}},"line":133}},"branchMap":{"0":{"loc":{"start":{"line":14,"column":2},"end":{"line":18,"column":92}},"type":"binary-expr","locations":[{"start":{"line":14,"column":2},"end":{"line":14,"column":42}},{"start":{"line":16,"column":4},"end":{"line":16,"column":40}},{"start":{"line":18,"column":4},"end":{"line":18,"column":92}}],"line":14},"1":{"loc":{"start":{"line":22,"column":2},"end":{"line":52,"column":3}},"type":"if","locations":[{"start":{"line":22,"column":2},"end":{"line":52,"column":3}},{"start":{},"end":{}}],"line":22},"2":{"loc":{"start":{"line":22,"column":6},"end":{"line":22,"column":75}},"type":"binary-expr","locations":[{"start":{"line":22,"column":6},"end":{"line":22,"column":43}},{"start":{"line":22,"column":47},"end":{"line":22,"column":75}}],"line":22},"3":{"loc":{"start":{"line":25,"column":4},"end":{"line":30,"column":5}},"type":"if","locations":[{"start":{"line":25,"column":4},"end":{"line":30,"column":5}},{"start":{},"end":{}}],"line":25},"4":{"loc":{"start":{"line":35,"column":6},"end":{"line":50,"column":7}},"type":"if","locations":[{"start":{"line":35,"column":6},"end":{"line":50,"column":7}},{"start":{"line":47,"column":13},"end":{"line":50,"column":7}}],"line":35},"5":{"loc":{"start":{"line":61,"column":8},"end":{"line":63,"column":9}},"type":"if","locations":[{"start":{"line":61,"column":8},"end":{"line":63,"column":9}},{"start":{},"end":{}}],"line":61},"6":{"loc":{"start":{"line":65,"column":10},"end":{"line":90,"column":11}},"type":"if","locations":[{"start":{"line":65,"column":10},"end":{"line":90,"column":11}},{"start":{},"end":{}}],"line":65},"7":{"loc":{"start":{"line":66,"column":12},"end":{"line":89,"column":13}},"type":"if","locations":[{"start":{"line":66,"column":12},"end":{"line":89,"column":13}},{"start":{"line":79,"column":19},"end":{"line":89,"column":13}}],"line":66},"8":{"loc":{"start":{"line":76,"column":14},"end":{"line":78,"column":15}},"type":"if","locations":[{"start":{"line":76,"column":14},"end":{"line":78,"column":15}},{"start":{},"end":{}}],"line":76},"9":{"loc":{"start":{"line":76,"column":18},"end":{"line":76,"column":43}},"type":"binary-expr","locations":[{"start":{"line":76,"column":18},"end":{"line":76,"column":24}},{"start":{"line":76,"column":28},"end":{"line":76,"column":43}}],"line":76},"10":{"loc":{"start":{"line":86,"column":14},"end":{"line":88,"column":15}},"type":"if","locations":[{"start":{"line":86,"column":14},"end":{"line":88,"column":15}},{"start":{},"end":{}}],"line":86},"11":{"loc":{"start":{"line":86,"column":18},"end":{"line":86,"column":44}},"type":"binary-expr","locations":[{"start":{"line":86,"column":18},"end":{"line":86,"column":24}},{"start":{"line":86,"column":28},"end":{"line":86,"column":44}}],"line":86},"12":{"loc":{"start":{"line":107,"column":6},"end":{"line":120,"column":7}},"type":"if","locations":[{"start":{"line":107,"column":6},"end":{"line":120,"column":7}},{"start":{"line":117,"column":13},"end":{"line":120,"column":7}}],"line":107},"13":{"loc":{"start":{"line":108,"column":8},"end":{"line":109,"column":73}},"type":"binary-expr","locations":[{"start":{"line":108,"column":8},"end":{"line":108,"column":31}},{"start":{"line":109,"column":9},"end":{"line":109,"column":28}},{"start":{"line":109,"column":32},"end":{"line":109,"column":72}}],"line":108},"14":{"loc":{"start":{"line":128,"column":2},"end":{"line":136,"column":3}},"type":"if","locations":[{"start":{"line":128,"column":2},"end":{"line":136,"column":3}},{"start":{},"end":{}}],"line":128}},"s":{"0":0,"1":0,"2":0,"3":0,"4":0,"5":0,"6":0,"7":0,"8":0,"9":0,"10":0,"11":0,"12":0,"13":0,"14":0,"15":0,"16":0,"17":0,"18":0,"19":0,"20":0,"21":0,"22":0,"23":0,"24":0,"25":0,"26":0,"27":0,"28":0,"29":0,"30":0,"31":0,"32":0,"33":0,"34":0,"35":0,"36":0,"37":0,"38":0},"f":{"0":0,"1":0,"2":0,"3":0,"4":0,"5":0,"6":0,"7":0,"8":0,"9":0,"10":0,"11":0,"12":0,"13":0,"14":0,"15":0},"b":{"0":[0,0,0],"1":[0,0],"2":[0,0],"3":[0,0],"4":[0,0],"5":[0,0],"6":[0,0],"7":[0,0],"8":[0,0],"9":[0,0],"10":[0,0],"11":[0,0],"12":[0,0],"13":[0,0,0],"14":[0,0]}}
}
